Hmm ... looks like a package
Converting parsed Rd's to LaTeX 
Creating pdf output from LaTeX ...

This is pdfTeX, Version 3.141592653-2.6-1.40.26 (TeX Live 2024) (preloaded format=pdflatex)
 restricted \write18 enabled.
entering extended mode
LaTeX2e <2024-06-01> patch level 2
L3 programming layer <2024-08-16>
(./Rd2.tex
(/Users/qc0824/Library/TinyTeX/texmf-dist/tex/latex/base/book.cls
Document Class: book 2024/02/08 v1.4n Standard LaTeX document class
(/Users/qc0824/Library/TinyTeX/texmf-dist/tex/latex/base/bk10.clo)) (/Library/Frameworks/R.framework/Resources/share/texmf/tex/latex/Rd.sty (/Users/qc0824/Library/TinyTeX/texmf-dist/tex/latex/base/ifthen.sty) (/Users/qc0824/Library/TinyTeX/texmf-dist/tex/generic/iftex/iftex.sty) (/Users/qc0824/Library/TinyTeX/texmf-dist/tex/latex/tools/longtable.sty) (/Users/qc0824/Library/TinyTeX/texmf-dist/tex/latex/tools/bm.sty) (/Users/qc0824/Library/TinyTeX/texmf-dist/tex/latex/base/alltt.sty) (/Users/qc0824/Library/TinyTeX/texmf-dist/tex/latex/tools/verbatim.sty) (/Users/qc0824/Library/TinyTeX/texmf-dist/tex/latex/url/url.sty) (/Users/qc0824/Library/TinyTeX/texmf-dist/tex/latex/base/textcomp.sty) (/Users/qc0824/Library/TinyTeX/texmf-dist/tex/latex/amsmath/amsmath.sty
For additional information on amsmath, use the `?' option.
(/Users/qc0824/Library/TinyTeX/texmf-dist/tex/latex/amsmath/amstext.sty (/Users/qc0824/Library/TinyTeX/texmf-dist/tex/latex/amsmath/amsgen.sty)) (/Users/qc0824/Library/TinyTeX/texmf-dist/tex/latex/amsmath/amsbsy.sty) (/Users/qc0824/Library/TinyTeX/texmf-dist/tex/latex/amsmath/amsopn.sty)) (/Users/qc0824/Library/TinyTeX/texmf-dist/tex/latex/amsfonts/amsfonts.sty) (/Users/qc0824/Library/TinyTeX/texmf-dist/tex/latex/amsfonts/amssymb.sty) (/Users/qc0824/Library/TinyTeX/texmf-dist/tex/latex/jknapltx/mathrsfs.sty) (/Users/qc0824/Library/TinyTeX/texmf-dist/tex/latex/base/fontenc.sty) (/Users/qc0824/Library/TinyTeX/texmf-dist/tex/latex/psnfss/times.sty) (/Users/qc0824/Library/TinyTeX/texmf-dist/tex/latex/inconsolata/zi4.sty `inconsolata-zi4' v1.12, 2019/05/17 Text macros for Inconsolata (msharpe) (/Users/qc0824/Library/TinyTeX/texmf-dist/tex/latex/xkeyval/xkeyval.sty (/Users/qc0824/Library/TinyTeX/texmf-dist/tex/generic/xkeyval/xkeyval.tex (/Users/qc0824/Library/TinyTeX/texmf-dist/tex/generic/xkeyval/xkvutils.tex (/Users/qc0824/Library/TinyTeX/texmf-dist/tex/generic/xkeyval/keyval.tex))))) (/Users/qc0824/Library/TinyTeX/texmf-dist/tex/latex/graphics/color.sty (/Users/qc0824/Library/TinyTeX/texmf-dist/tex/latex/graphics-cfg/color.cfg) (/Users/qc0824/Library/TinyTeX/texmf-dist/tex/latex/graphics-def/pdftex.def) (/Users/qc0824/Library/TinyTeX/texmf-dist/tex/latex/graphics/mathcolor.ltx)) (/Users/qc0824/Library/TinyTeX/texmf-dist/tex/latex/hyperref/hyperref.sty (/Users/qc0824/Library/TinyTeX/texmf-dist/tex/latex/kvsetkeys/kvsetkeys.sty) (/Users/qc0824/Library/TinyTeX/texmf-dist/tex/generic/kvdefinekeys/kvdefinekeys.sty) (/Users/qc0824/Library/TinyTeX/texmf-dist/tex/generic/pdfescape/pdfescape.sty (/Users/qc0824/Library/TinyTeX/texmf-dist/tex/generic/ltxcmds/ltxcmds.sty) (/Users/qc0824/Library/TinyTeX/texmf-dist/tex/generic/pdftexcmds/pdftexcmds.sty (/Users/qc0824/Library/TinyTeX/texmf-dist/tex/generic/infwarerr/infwarerr.sty))) (/Users/qc0824/Library/TinyTeX/texmf-dist/tex/latex/hycolor/hycolor.sty) (/Users/qc0824/Library/TinyTeX/texmf-dist/tex/latex/hyperref/nameref.sty (/Users/qc0824/Library/TinyTeX/texmf-dist/tex/latex/refcount/refcount.sty) (/Users/qc0824/Library/TinyTeX/texmf-dist/tex/generic/gettitlestring/gettitlestring.sty (/Users/qc0824/Library/TinyTeX/texmf-dist/tex/latex/kvoptions/kvoptions.sty))) (/Users/qc0824/Library/TinyTeX/texmf-dist/tex/latex/etoolbox/etoolbox.sty) (/Users/qc0824/Library/TinyTeX/texmf-dist/tex/generic/stringenc/stringenc.sty) (/Users/qc0824/Library/TinyTeX/texmf-dist/tex/latex/hyperref/pd1enc.def) (/Users/qc0824/Library/TinyTeX/texmf-dist/tex/generic/intcalc/intcalc.sty) (/Users/qc0824/Library/TinyTeX/texmf-dist/tex/latex/hyperref/puenc.def) (/Users/qc0824/Library/TinyTeX/texmf-dist/tex/generic/bitset/bitset.sty (/Users/qc0824/Library/TinyTeX/texmf-dist/tex/generic/bigintcalc/bigintcalc.sty)) (/Users/qc0824/Library/TinyTeX/texmf-dist/tex/latex/base/atbegshi-ltx.sty)) (/Users/qc0824/Library/TinyTeX/texmf-dist/tex/latex/hyperref/hpdftex.def (/Users/qc0824/Library/TinyTeX/texmf-dist/tex/latex/base/atveryend-ltx.sty) (/Users/qc0824/Library/TinyTeX/texmf-dist/tex/latex/rerunfilecheck/rerunfilecheck.sty (/Users/qc0824/Library/TinyTeX/texmf-dist/tex/generic/uniquecounter/uniquecounter.sty)))) (/Users/qc0824/Library/TinyTeX/texmf-dist/tex/latex/base/makeidx.sty)
Writing index file Rd2.idx
(/Users/qc0824/Library/TinyTeX/texmf-dist/tex/latex/psnfss/t1ptm.fd) (/Users/qc0824/Library/TinyTeX/texmf-dist/tex/latex/l3backend/l3backend-pdftex.def)
No file Rd2.aux.
(/Users/qc0824/Library/TinyTeX/texmf-dist/tex/context/base/mkii/supp-pdf.mkii
[Loading MPS to PDF converter (version 2006.09.02).]
) (/Users/qc0824/Library/TinyTeX/texmf-dist/tex/latex/inconsolata/t1zi4.fd) (/Users/qc0824/Library/TinyTeX/texmf-dist/tex/latex/amsfonts/umsa.fd) (/Users/qc0824/Library/TinyTeX/texmf-dist/tex/latex/amsfonts/umsb.fd) (/Users/qc0824/Library/TinyTeX/texmf-dist/tex/latex/jknapltx/ursfs.fd)
No file Rd2.toc.

[1{/Users/qc0824/Library/TinyTeX/texmf-var/fonts/map/pdftex/updmap/pdftex.map}{/Users/qc0824/Library/TinyTeX/texmf-dist/fonts/enc/dvips/base/8r.enc}{/Users/qc0824/Library/TinyTeX/texmf-dist/fonts/enc/dvips/inconsolata/i4-t1-0.enc}]
[2]
[3]
No file Rd2.ind.

[4] (/private/var/folders/4z/95mpfw1d76188452ty3l9f5h0000gn/T/RtmpSHryTZ/Rd2pdf3b4d1f95cfe7/Rd2.aux)

Package rerunfilecheck Warning: File `Rd2.out' has changed.
(rerunfilecheck)                Rerun to get outlines right
(rerunfilecheck)                or use package `bookmark'.

 )</Users/qc0824/Library/TinyTeX/texmf-dist/fonts/type1/public/inconsolata/Inconsolata-zi4r.pfb></Users/qc0824/Library/TinyTeX/texmf-dist/fonts/type1/urw/times/utmb8a.pfb></Users/qc0824/Library/TinyTeX/texmf-dist/fonts/type1/urw/times/utmr8a.pfb></Users/qc0824/Library/TinyTeX/texmf-dist/fonts/type1/urw/times/utmr8a.pfb></Users/qc0824/Library/TinyTeX/texmf-dist/fonts/type1/urw/times/utmri8a.pfb>
Output written on Rd2.pdf (4 pages, 78343 bytes).
Transcript written on Rd2.log.
This is makeindex, version 2.17 [TeX Live 2024] (kpathsea + Thai support).
Scanning input file Rd2.idx....done (8 entries accepted, 0 rejected).
Sorting entries....done (24 comparisons).
Generating output file Rd2.ind....done (23 lines written, 0 warnings).
Output written in Rd2.ind.
Transcript written in Rd2.ilg.
This is pdfTeX, Version 3.141592653-2.6-1.40.26 (TeX Live 2024) (preloaded format=pdflatex)
 restricted \write18 enabled.
entering extended mode
LaTeX2e <2024-06-01> patch level 2
L3 programming layer <2024-08-16>
(./Rd2.tex
(/Users/qc0824/Library/TinyTeX/texmf-dist/tex/latex/base/book.cls
Document Class: book 2024/02/08 v1.4n Standard LaTeX document class
(/Users/qc0824/Library/TinyTeX/texmf-dist/tex/latex/base/bk10.clo)) (/Library/Frameworks/R.framework/Resources/share/texmf/tex/latex/Rd.sty (/Users/qc0824/Library/TinyTeX/texmf-dist/tex/latex/base/ifthen.sty) (/Users/qc0824/Library/TinyTeX/texmf-dist/tex/generic/iftex/iftex.sty) (/Users/qc0824/Library/TinyTeX/texmf-dist/tex/latex/tools/longtable.sty) (/Users/qc0824/Library/TinyTeX/texmf-dist/tex/latex/tools/bm.sty) (/Users/qc0824/Library/TinyTeX/texmf-dist/tex/latex/base/alltt.sty) (/Users/qc0824/Library/TinyTeX/texmf-dist/tex/latex/tools/verbatim.sty) (/Users/qc0824/Library/TinyTeX/texmf-dist/tex/latex/url/url.sty) (/Users/qc0824/Library/TinyTeX/texmf-dist/tex/latex/base/textcomp.sty) (/Users/qc0824/Library/TinyTeX/texmf-dist/tex/latex/amsmath/amsmath.sty
For additional information on amsmath, use the `?' option.
(/Users/qc0824/Library/TinyTeX/texmf-dist/tex/latex/amsmath/amstext.sty (/Users/qc0824/Library/TinyTeX/texmf-dist/tex/latex/amsmath/amsgen.sty)) (/Users/qc0824/Library/TinyTeX/texmf-dist/tex/latex/amsmath/amsbsy.sty) (/Users/qc0824/Library/TinyTeX/texmf-dist/tex/latex/amsmath/amsopn.sty)) (/Users/qc0824/Library/TinyTeX/texmf-dist/tex/latex/amsfonts/amsfonts.sty) (/Users/qc0824/Library/TinyTeX/texmf-dist/tex/latex/amsfonts/amssymb.sty) (/Users/qc0824/Library/TinyTeX/texmf-dist/tex/latex/jknapltx/mathrsfs.sty) (/Users/qc0824/Library/TinyTeX/texmf-dist/tex/latex/base/fontenc.sty) (/Users/qc0824/Library/TinyTeX/texmf-dist/tex/latex/psnfss/times.sty) (/Users/qc0824/Library/TinyTeX/texmf-dist/tex/latex/inconsolata/zi4.sty `inconsolata-zi4' v1.12, 2019/05/17 Text macros for Inconsolata (msharpe) (/Users/qc0824/Library/TinyTeX/texmf-dist/tex/latex/xkeyval/xkeyval.sty (/Users/qc0824/Library/TinyTeX/texmf-dist/tex/generic/xkeyval/xkeyval.tex (/Users/qc0824/Library/TinyTeX/texmf-dist/tex/generic/xkeyval/xkvutils.tex (/Users/qc0824/Library/TinyTeX/texmf-dist/tex/generic/xkeyval/keyval.tex))))) (/Users/qc0824/Library/TinyTeX/texmf-dist/tex/latex/graphics/color.sty (/Users/qc0824/Library/TinyTeX/texmf-dist/tex/latex/graphics-cfg/color.cfg) (/Users/qc0824/Library/TinyTeX/texmf-dist/tex/latex/graphics-def/pdftex.def) (/Users/qc0824/Library/TinyTeX/texmf-dist/tex/latex/graphics/mathcolor.ltx)) (/Users/qc0824/Library/TinyTeX/texmf-dist/tex/latex/hyperref/hyperref.sty (/Users/qc0824/Library/TinyTeX/texmf-dist/tex/latex/kvsetkeys/kvsetkeys.sty) (/Users/qc0824/Library/TinyTeX/texmf-dist/tex/generic/kvdefinekeys/kvdefinekeys.sty) (/Users/qc0824/Library/TinyTeX/texmf-dist/tex/generic/pdfescape/pdfescape.sty (/Users/qc0824/Library/TinyTeX/texmf-dist/tex/generic/ltxcmds/ltxcmds.sty) (/Users/qc0824/Library/TinyTeX/texmf-dist/tex/generic/pdftexcmds/pdftexcmds.sty (/Users/qc0824/Library/TinyTeX/texmf-dist/tex/generic/infwarerr/infwarerr.sty))) (/Users/qc0824/Library/TinyTeX/texmf-dist/tex/latex/hycolor/hycolor.sty) (/Users/qc0824/Library/TinyTeX/texmf-dist/tex/latex/hyperref/nameref.sty (/Users/qc0824/Library/TinyTeX/texmf-dist/tex/latex/refcount/refcount.sty) (/Users/qc0824/Library/TinyTeX/texmf-dist/tex/generic/gettitlestring/gettitlestring.sty (/Users/qc0824/Library/TinyTeX/texmf-dist/tex/latex/kvoptions/kvoptions.sty))) (/Users/qc0824/Library/TinyTeX/texmf-dist/tex/latex/etoolbox/etoolbox.sty) (/Users/qc0824/Library/TinyTeX/texmf-dist/tex/generic/stringenc/stringenc.sty) (/Users/qc0824/Library/TinyTeX/texmf-dist/tex/latex/hyperref/pd1enc.def) (/Users/qc0824/Library/TinyTeX/texmf-dist/tex/generic/intcalc/intcalc.sty) (/Users/qc0824/Library/TinyTeX/texmf-dist/tex/latex/hyperref/puenc.def) (/Users/qc0824/Library/TinyTeX/texmf-dist/tex/generic/bitset/bitset.sty (/Users/qc0824/Library/TinyTeX/texmf-dist/tex/generic/bigintcalc/bigintcalc.sty)) (/Users/qc0824/Library/TinyTeX/texmf-dist/tex/latex/base/atbegshi-ltx.sty)) (/Users/qc0824/Library/TinyTeX/texmf-dist/tex/latex/hyperref/hpdftex.def (/Users/qc0824/Library/TinyTeX/texmf-dist/tex/latex/base/atveryend-ltx.sty) (/Users/qc0824/Library/TinyTeX/texmf-dist/tex/latex/rerunfilecheck/rerunfilecheck.sty (/Users/qc0824/Library/TinyTeX/texmf-dist/tex/generic/uniquecounter/uniquecounter.sty)))) (/Users/qc0824/Library/TinyTeX/texmf-dist/tex/latex/base/makeidx.sty)
Writing index file Rd2.idx
(/Users/qc0824/Library/TinyTeX/texmf-dist/tex/latex/psnfss/t1ptm.fd) (/Users/qc0824/Library/TinyTeX/texmf-dist/tex/latex/l3backend/l3backend-pdftex.def) (/private/var/folders/4z/95mpfw1d76188452ty3l9f5h0000gn/T/RtmpSHryTZ/Rd2pdf3b4d1f95cfe7/Rd2.aux) (/Users/qc0824/Library/TinyTeX/texmf-dist/tex/context/base/mkii/supp-pdf.mkii
[Loading MPS to PDF converter (version 2006.09.02).]
) (/private/var/folders/4z/95mpfw1d76188452ty3l9f5h0000gn/T/RtmpSHryTZ/Rd2pdf3b4d1f95cfe7/Rd2.out) (/private/var/folders/4z/95mpfw1d76188452ty3l9f5h0000gn/T/RtmpSHryTZ/Rd2pdf3b4d1f95cfe7/Rd2.out) (/Users/qc0824/Library/TinyTeX/texmf-dist/tex/latex/inconsolata/t1zi4.fd) (/Users/qc0824/Library/TinyTeX/texmf-dist/tex/latex/amsfonts/umsa.fd) (/Users/qc0824/Library/TinyTeX/texmf-dist/tex/latex/amsfonts/umsb.fd) (/Users/qc0824/Library/TinyTeX/texmf-dist/tex/latex/jknapltx/ursfs.fd) (/private/var/folders/4z/95mpfw1d76188452ty3l9f5h0000gn/T/RtmpSHryTZ/Rd2pdf3b4d1f95cfe7/Rd2.toc)
[1{/Users/qc0824/Library/TinyTeX/texmf-var/fonts/map/pdftex/updmap/pdftex.map}{/Users/qc0824/Library/TinyTeX/texmf-dist/fonts/enc/dvips/base/8r.enc}{/Users/qc0824/Library/TinyTeX/texmf-dist/fonts/enc/dvips/inconsolata/i4-t1-0.enc}]
[2]
[3] (/private/var/folders/4z/95mpfw1d76188452ty3l9f5h0000gn/T/RtmpSHryTZ/Rd2pdf3b4d1f95cfe7/Rd2.ind
[4]

LaTeX Font Warning: Font shape `T1/zi4/m/it' undefined
(Font)              using `T1/zi4/m/n' instead on input line 9.



[5]) (/private/var/folders/4z/95mpfw1d76188452ty3l9f5h0000gn/T/RtmpSHryTZ/Rd2pdf3b4d1f95cfe7/Rd2.aux)

LaTeX Font Warning: Some font shapes were not available, defaults substituted.


Package rerunfilecheck Warning: File `Rd2.out' has changed.
(rerunfilecheck)                Rerun to get outlines right
(rerunfilecheck)                or use package `bookmark'.

 )</Users/qc0824/Library/TinyTeX/texmf-dist/fonts/type1/public/inconsolata/Inconsolata-zi4r.pfb></Users/qc0824/Library/TinyTeX/texmf-dist/fonts/type1/public/amsfonts/cm/cmsy10.pfb></Users/qc0824/Library/TinyTeX/texmf-dist/fonts/type1/urw/times/utmb8a.pfb></Users/qc0824/Library/TinyTeX/texmf-dist/fonts/type1/urw/times/utmr8a.pfb></Users/qc0824/Library/TinyTeX/texmf-dist/fonts/type1/urw/times/utmr8a.pfb></Users/qc0824/Library/TinyTeX/texmf-dist/fonts/type1/urw/times/utmri8a.pfb>
Output written on Rd2.pdf (5 pages, 88830 bytes).
Transcript written on Rd2.log.
This is makeindex, version 2.17 [TeX Live 2024] (kpathsea + Thai support).
Scanning input file Rd2.idx....done (8 entries accepted, 0 rejected).
Sorting entries....done (24 comparisons).
Generating output file Rd2.ind....done (23 lines written, 0 warnings).
Output written in Rd2.ind.
Transcript written in Rd2.ilg.
This is pdfTeX, Version 3.141592653-2.6-1.40.26 (TeX Live 2024) (preloaded format=pdflatex)
 restricted \write18 enabled.
entering extended mode
LaTeX2e <2024-06-01> patch level 2
L3 programming layer <2024-08-16>
(./Rd2.tex
(/Users/qc0824/Library/TinyTeX/texmf-dist/tex/latex/base/book.cls
Document Class: book 2024/02/08 v1.4n Standard LaTeX document class
(/Users/qc0824/Library/TinyTeX/texmf-dist/tex/latex/base/bk10.clo)) (/Library/Frameworks/R.framework/Resources/share/texmf/tex/latex/Rd.sty (/Users/qc0824/Library/TinyTeX/texmf-dist/tex/latex/base/ifthen.sty) (/Users/qc0824/Library/TinyTeX/texmf-dist/tex/generic/iftex/iftex.sty) (/Users/qc0824/Library/TinyTeX/texmf-dist/tex/latex/tools/longtable.sty) (/Users/qc0824/Library/TinyTeX/texmf-dist/tex/latex/tools/bm.sty) (/Users/qc0824/Library/TinyTeX/texmf-dist/tex/latex/base/alltt.sty) (/Users/qc0824/Library/TinyTeX/texmf-dist/tex/latex/tools/verbatim.sty) (/Users/qc0824/Library/TinyTeX/texmf-dist/tex/latex/url/url.sty) (/Users/qc0824/Library/TinyTeX/texmf-dist/tex/latex/base/textcomp.sty) (/Users/qc0824/Library/TinyTeX/texmf-dist/tex/latex/amsmath/amsmath.sty
For additional information on amsmath, use the `?' option.
(/Users/qc0824/Library/TinyTeX/texmf-dist/tex/latex/amsmath/amstext.sty (/Users/qc0824/Library/TinyTeX/texmf-dist/tex/latex/amsmath/amsgen.sty)) (/Users/qc0824/Library/TinyTeX/texmf-dist/tex/latex/amsmath/amsbsy.sty) (/Users/qc0824/Library/TinyTeX/texmf-dist/tex/latex/amsmath/amsopn.sty)) (/Users/qc0824/Library/TinyTeX/texmf-dist/tex/latex/amsfonts/amsfonts.sty) (/Users/qc0824/Library/TinyTeX/texmf-dist/tex/latex/amsfonts/amssymb.sty) (/Users/qc0824/Library/TinyTeX/texmf-dist/tex/latex/jknapltx/mathrsfs.sty) (/Users/qc0824/Library/TinyTeX/texmf-dist/tex/latex/base/fontenc.sty) (/Users/qc0824/Library/TinyTeX/texmf-dist/tex/latex/psnfss/times.sty) (/Users/qc0824/Library/TinyTeX/texmf-dist/tex/latex/inconsolata/zi4.sty `inconsolata-zi4' v1.12, 2019/05/17 Text macros for Inconsolata (msharpe) (/Users/qc0824/Library/TinyTeX/texmf-dist/tex/latex/xkeyval/xkeyval.sty (/Users/qc0824/Library/TinyTeX/texmf-dist/tex/generic/xkeyval/xkeyval.tex (/Users/qc0824/Library/TinyTeX/texmf-dist/tex/generic/xkeyval/xkvutils.tex (/Users/qc0824/Library/TinyTeX/texmf-dist/tex/generic/xkeyval/keyval.tex))))) (/Users/qc0824/Library/TinyTeX/texmf-dist/tex/latex/graphics/color.sty (/Users/qc0824/Library/TinyTeX/texmf-dist/tex/latex/graphics-cfg/color.cfg) (/Users/qc0824/Library/TinyTeX/texmf-dist/tex/latex/graphics-def/pdftex.def) (/Users/qc0824/Library/TinyTeX/texmf-dist/tex/latex/graphics/mathcolor.ltx)) (/Users/qc0824/Library/TinyTeX/texmf-dist/tex/latex/hyperref/hyperref.sty (/Users/qc0824/Library/TinyTeX/texmf-dist/tex/latex/kvsetkeys/kvsetkeys.sty) (/Users/qc0824/Library/TinyTeX/texmf-dist/tex/generic/kvdefinekeys/kvdefinekeys.sty) (/Users/qc0824/Library/TinyTeX/texmf-dist/tex/generic/pdfescape/pdfescape.sty (/Users/qc0824/Library/TinyTeX/texmf-dist/tex/generic/ltxcmds/ltxcmds.sty) (/Users/qc0824/Library/TinyTeX/texmf-dist/tex/generic/pdftexcmds/pdftexcmds.sty (/Users/qc0824/Library/TinyTeX/texmf-dist/tex/generic/infwarerr/infwarerr.sty))) (/Users/qc0824/Library/TinyTeX/texmf-dist/tex/latex/hycolor/hycolor.sty) (/Users/qc0824/Library/TinyTeX/texmf-dist/tex/latex/hyperref/nameref.sty (/Users/qc0824/Library/TinyTeX/texmf-dist/tex/latex/refcount/refcount.sty) (/Users/qc0824/Library/TinyTeX/texmf-dist/tex/generic/gettitlestring/gettitlestring.sty (/Users/qc0824/Library/TinyTeX/texmf-dist/tex/latex/kvoptions/kvoptions.sty))) (/Users/qc0824/Library/TinyTeX/texmf-dist/tex/latex/etoolbox/etoolbox.sty) (/Users/qc0824/Library/TinyTeX/texmf-dist/tex/generic/stringenc/stringenc.sty) (/Users/qc0824/Library/TinyTeX/texmf-dist/tex/latex/hyperref/pd1enc.def) (/Users/qc0824/Library/TinyTeX/texmf-dist/tex/generic/intcalc/intcalc.sty) (/Users/qc0824/Library/TinyTeX/texmf-dist/tex/latex/hyperref/puenc.def) (/Users/qc0824/Library/TinyTeX/texmf-dist/tex/generic/bitset/bitset.sty (/Users/qc0824/Library/TinyTeX/texmf-dist/tex/generic/bigintcalc/bigintcalc.sty)) (/Users/qc0824/Library/TinyTeX/texmf-dist/tex/latex/base/atbegshi-ltx.sty)) (/Users/qc0824/Library/TinyTeX/texmf-dist/tex/latex/hyperref/hpdftex.def (/Users/qc0824/Library/TinyTeX/texmf-dist/tex/latex/base/atveryend-ltx.sty) (/Users/qc0824/Library/TinyTeX/texmf-dist/tex/latex/rerunfilecheck/rerunfilecheck.sty (/Users/qc0824/Library/TinyTeX/texmf-dist/tex/generic/uniquecounter/uniquecounter.sty)))) (/Users/qc0824/Library/TinyTeX/texmf-dist/tex/latex/base/makeidx.sty)
Writing index file Rd2.idx
(/Users/qc0824/Library/TinyTeX/texmf-dist/tex/latex/psnfss/t1ptm.fd) (/Users/qc0824/Library/TinyTeX/texmf-dist/tex/latex/l3backend/l3backend-pdftex.def) (/private/var/folders/4z/95mpfw1d76188452ty3l9f5h0000gn/T/RtmpSHryTZ/Rd2pdf3b4d1f95cfe7/Rd2.aux) (/Users/qc0824/Library/TinyTeX/texmf-dist/tex/context/base/mkii/supp-pdf.mkii
[Loading MPS to PDF converter (version 2006.09.02).]
) (/private/var/folders/4z/95mpfw1d76188452ty3l9f5h0000gn/T/RtmpSHryTZ/Rd2pdf3b4d1f95cfe7/Rd2.out) (/private/var/folders/4z/95mpfw1d76188452ty3l9f5h0000gn/T/RtmpSHryTZ/Rd2pdf3b4d1f95cfe7/Rd2.out) (/Users/qc0824/Library/TinyTeX/texmf-dist/tex/latex/inconsolata/t1zi4.fd) (/Users/qc0824/Library/TinyTeX/texmf-dist/tex/latex/amsfonts/umsa.fd) (/Users/qc0824/Library/TinyTeX/texmf-dist/tex/latex/amsfonts/umsb.fd) (/Users/qc0824/Library/TinyTeX/texmf-dist/tex/latex/jknapltx/ursfs.fd) (/private/var/folders/4z/95mpfw1d76188452ty3l9f5h0000gn/T/RtmpSHryTZ/Rd2pdf3b4d1f95cfe7/Rd2.toc)
[1{/Users/qc0824/Library/TinyTeX/texmf-var/fonts/map/pdftex/updmap/pdftex.map}{/Users/qc0824/Library/TinyTeX/texmf-dist/fonts/enc/dvips/base/8r.enc}{/Users/qc0824/Library/TinyTeX/texmf-dist/fonts/enc/dvips/inconsolata/i4-t1-0.enc}]
[2]
[3] (/private/var/folders/4z/95mpfw1d76188452ty3l9f5h0000gn/T/RtmpSHryTZ/Rd2pdf3b4d1f95cfe7/Rd2.ind
[4]

LaTeX Font Warning: Font shape `T1/zi4/m/it' undefined
(Font)              using `T1/zi4/m/n' instead on input line 9.



[5]) (/private/var/folders/4z/95mpfw1d76188452ty3l9f5h0000gn/T/RtmpSHryTZ/Rd2pdf3b4d1f95cfe7/Rd2.aux)

LaTeX Font Warning: Some font shapes were not available, defaults substituted.

 )</Users/qc0824/Library/TinyTeX/texmf-dist/fonts/type1/public/inconsolata/Inconsolata-zi4r.pfb></Users/qc0824/Library/TinyTeX/texmf-dist/fonts/type1/public/amsfonts/cm/cmsy10.pfb></Users/qc0824/Library/TinyTeX/texmf-dist/fonts/type1/urw/times/utmb8a.pfb></Users/qc0824/Library/TinyTeX/texmf-dist/fonts/type1/urw/times/utmr8a.pfb></Users/qc0824/Library/TinyTeX/texmf-dist/fonts/type1/urw/times/utmr8a.pfb></Users/qc0824/Library/TinyTeX/texmf-dist/fonts/type1/urw/times/utmri8a.pfb>
Output written on Rd2.pdf (5 pages, 89155 bytes).
Transcript written on Rd2.log.
Saving output to ‘crformats-manual.pdf’ ...
Done
You may want to clean up by 'rm -Rf /var/folders/4z/95mpfw1d76188452ty3l9f5h0000gn/T//RtmpSHryTZ/Rd2pdf3b4d1f95cfe7'
